<?xml version="1.0" encoding="UTF-8"?>
<testng-results skipped="0" failed="0" ignored="0" total="1" passed="1">
  <reporter-output>
  </reporter-output>
  <suite name="Default suite" duration-ms="20798" started-at="2019-10-29T05:32:32Z" finished-at="2019-10-29T05:32:53Z">
    <groups>
    </groups>
    <test name="Default test" duration-ms="20798" started-at="2019-10-29T05:32:32Z" finished-at="2019-10-29T05:32:53Z">
      <class name="com.training.sanity.tests.LoginForUser">
        <test-method status="PASS" signature="setUpBeforeClass()[pri:0, instance:com.training.sanity.tests.LoginForUser@3bfdc050]" name="setUpBeforeClass" is-config="true" duration-ms="20" started-at="2019-10-29T05:32:32Z" finished-at="2019-10-29T05:32:32Z">
          <reporter-output>
          </reporter-output>
        </test-method> <!-- setUpBeforeClass -->
        <test-method status="PASS" signature="setUp()[pri:0, instance:com.training.sanity.tests.LoginForUser@3bfdc050]" name="setUp" is-config="true" duration-ms="15287" started-at="2019-10-29T05:32:32Z" finished-at="2019-10-29T05:32:47Z">
          <reporter-output>
          </reporter-output>
        </test-method> <!-- setUp -->
        <test-method status="PASS" signature="validLoginTest()[pri:0, instance:com.training.sanity.tests.LoginForUser@3bfdc050]" name="validLoginTest" duration-ms="3245" started-at="2019-10-29T05:32:47Z" finished-at="2019-10-29T05:32:51Z">
          <reporter-output>
          </reporter-output>
        </test-method> <!-- validLoginTest -->
        <test-method status="PASS" signature="tearDown()[pri:0, instance:com.training.sanity.tests.LoginForUser@3bfdc050]" name="tearDown" is-config="true" duration-ms="2221" started-at="2019-10-29T05:32:51Z" finished-at="2019-10-29T05:32:53Z">
          <reporter-output>
          </reporter-output>
        </test-method> <!-- tearDown -->
      </class> <!-- com.training.sanity.tests.LoginForUser -->
    </test> <!-- Default test -->
  </suite> <!-- Default suite -->
</testng-results>
