<?xml version="1.0" encoding="UTF-8"?>
<!-- Generated by org.testng.reporters.JUnitXMLReporter -->
<testsuite hostname="DESKTOP-A13PPTI" ignored="0" name="Default test" tests="4" failures="0" timestamp="11 Nov 2019 10:10:02 GMT" time="86.646" errors="0">
  <testcase name="addMultipleProducts" time="7.398" classname="com.training.sanity.tests.UNF_069"/>
  <testcase name="addMultipleProducts" time="6.432" classname="com.training.sanity.tests.UNF_069"/>
  <testcase name="addMultipleProducts" time="5.939" classname="com.training.sanity.tests.UNF_069"/>
  <testcase name="addMultipleProducts" time="6.946" classname="com.training.sanity.tests.UNF_069"/>
</testsuite> <!-- Default test -->
